<?xml version="1.0" encoding="UTF-8"?>
<!-- Generated by org.testng.reporters.JUnitXMLReporter -->
<testsuite ignored="0" hostname="DESKTOP-5QLF42K" failures="0" tests="3" name="Default test" time="124.65" errors="0" timestamp="2024-07-02T21:26:56 IST">
  <testcase classname="com.mystore.testcase.AccountCreationTest" name="accountCreation" time="12.17"/>
  <testcase classname="com.mystore.testcase.AccountCreationTest" name="accountCreation" time="12.677"/>
  <testcase classname="com.mystore.testcase.AccountCreationTest" name="accountCreation" time="17.095"/>
</testsuite> <!-- Default test -->
