<?xml version="1.0" encoding="UTF-8"?>
<testng-results ignored="0" total="1" passed="1" failed="0" skipped="0">
  <reporter-output>
  </reporter-output>
  <suite started-at="2024-05-18T01:30:55 IST" name="Default suite" finished-at="2024-05-18T01:31:06 IST" duration-ms="10905">
    <groups>
    </groups>
    <test started-at="2024-05-18T01:30:55 IST" name="Default test" finished-at="2024-05-18T01:31:06 IST" duration-ms="10905">
      <class name="com.bank.testcase.IndexPageTest">
        <test-method is-config="true" signature="loadCofig()[pri:0, instance:com.bank.testcase.IndexPageTest@4b0d79fc]" started-at="2024-05-18T01:30:55 IST" name="loadCofig" finished-at="2024-05-18T01:30:55 IST" duration-ms="14" status="PASS">
          <reporter-output>
          </reporter-output>
        </test-method> <!-- loadCofig -->
        <test-method is-config="true" signature="setup()[pri:0, instance:com.bank.testcase.IndexPageTest@4b0d79fc]" started-at="2024-05-18T01:30:55 IST" name="setup" finished-at="2024-05-18T01:31:05 IST" duration-ms="9828" status="PASS">
          <reporter-output>
          </reporter-output>
        </test-method> <!-- setup -->
        <test-method signature="verifyTitle()[pri:0, instance:com.bank.testcase.IndexPageTest@4b0d79fc]" started-at="2024-05-18T01:31:05 IST" name="verifyTitle" finished-at="2024-05-18T01:31:05 IST" duration-ms="120" status="PASS">
          <reporter-output>
          </reporter-output>
        </test-method> <!-- verifyTitle -->
        <test-method is-config="true" signature="teardown()[pri:0, instance:com.bank.testcase.IndexPageTest@4b0d79fc]" started-at="2024-05-18T01:31:05 IST" name="teardown" finished-at="2024-05-18T01:31:06 IST" duration-ms="867" status="PASS">
          <reporter-output>
          </reporter-output>
        </test-method> <!-- teardown -->
      </class> <!-- com.bank.testcase.IndexPageTest -->
    </test> <!-- Default test -->
  </suite> <!-- Default suite -->
</testng-results>
